<?xml version="1.0" encoding="UTF-8"?>
<testsuite xmlns:xsi="http://www.w3.org/2001/XMLSchema-instance" xsi:noNamespaceSchemaLocation="https://maven.apache.org/surefire/maven-surefire-plugin/xsd/surefire-test-report.xsd" name="TestSuite" time="146.249" tests="26" errors="0" skipped="17" failures="1">
  <properties>
    <property name="java.specification.version" value="19"/>
    <property name="sun.jnu.encoding" value="UTF-8"/>
    <property name="java.class.path" value="/Users/chiragbansod/Documents/workspace/FreeCRMMavenProject/target/test-classes:/Users/chiragbansod/Documents/workspace/FreeCRMMavenProject/target/classes:/Users/chiragbansod/.m2/repository/org/seleniumhq/selenium/selenium-java/4.7.2/selenium-java-4.7.2.jar:/Users/chiragbansod/.m2/repository/org/seleniumhq/selenium/selenium-api/4.7.2/selenium-api-4.7.2.jar:/Users/chiragbansod/.m2/repository/org/seleniumhq/selenium/selenium-chrome-driver/4.7.2/selenium-chrome-driver-4.7.2.jar:/Users/chiragbansod/.m2/repository/com/google/auto/service/auto-service-annotations/1.0.1/auto-service-annotations-1.0.1.jar:/Users/chiragbansod/.m2/repository/com/google/auto/service/auto-service/1.0.1/auto-service-1.0.1.jar:/Users/chiragbansod/.m2/repository/com/google/auto/auto-common/1.2/auto-common-1.2.jar:/Users/chiragbansod/.m2/repository/com/google/guava/guava/31.1-jre/guava-31.1-jre.jar:/Users/chiragbansod/.m2/repository/com/google/guava/failureaccess/1.0.1/failureaccess-1.0.1.jar:/Users/chiragbansod/.m2/repository/com/google/guava/listenablefuture/9999.0-empty-to-avoid-conflict-with-guava/listenablefuture-9999.0-empty-to-avoid-conflict-with-guava.jar:/Users/chiragbansod/.m2/repository/com/google/code/findbugs/jsr305/3.0.2/jsr305-3.0.2.jar:/Users/chiragbansod/.m2/repository/org/checkerframework/checker-qual/3.12.0/checker-qual-3.12.0.jar:/Users/chiragbansod/.m2/repository/com/google/errorprone/error_prone_annotations/2.11.0/error_prone_annotations-2.11.0.jar:/Users/chiragbansod/.m2/repository/com/google/j2objc/j2objc-annotations/1.3/j2objc-annotations-1.3.jar:/Users/chiragbansod/.m2/repository/org/seleniumhq/selenium/selenium-chromium-driver/4.7.2/selenium-chromium-driver-4.7.2.jar:/Users/chiragbansod/.m2/repository/org/seleniumhq/selenium/selenium-json/4.7.2/selenium-json-4.7.2.jar:/Users/chiragbansod/.m2/repository/org/seleniumhq/selenium/selenium-devtools-v106/4.7.2/selenium-devtools-v106-4.7.2.jar:/Users/chiragbansod/.m2/repository/org/seleniumhq/selenium/selenium-devtools-v107/4.7.2/selenium-devtools-v107-4.7.2.jar:/Users/chiragbansod/.m2/repository/org/seleniumhq/selenium/selenium-devtools-v108/4.7.2/selenium-devtools-v108-4.7.2.jar:/Users/chiragbansod/.m2/repository/org/seleniumhq/selenium/selenium-devtools-v85/4.7.2/selenium-devtools-v85-4.7.2.jar:/Users/chiragbansod/.m2/repository/org/seleniumhq/selenium/selenium-edge-driver/4.7.2/selenium-edge-driver-4.7.2.jar:/Users/chiragbansod/.m2/repository/org/seleniumhq/selenium/selenium-firefox-driver/4.7.2/selenium-firefox-driver-4.7.2.jar:/Users/chiragbansod/.m2/repository/org/seleniumhq/selenium/selenium-http/4.7.2/selenium-http-4.7.2.jar:/Users/chiragbansod/.m2/repository/dev/failsafe/failsafe/3.3.0/failsafe-3.3.0.jar:/Users/chiragbansod/.m2/repository/org/seleniumhq/selenium/selenium-ie-driver/4.7.2/selenium-ie-driver-4.7.2.jar:/Users/chiragbansod/.m2/repository/org/seleniumhq/selenium/selenium-remote-driver/4.7.2/selenium-remote-driver-4.7.2.jar:/Users/chiragbansod/.m2/repository/io/netty/netty-buffer/4.1.84.Final/netty-buffer-4.1.84.Final.jar:/Users/chiragbansod/.m2/repository/io/netty/netty-codec-http/4.1.84.Final/netty-codec-http-4.1.84.Final.jar:/Users/chiragbansod/.m2/repository/io/netty/netty-codec/4.1.84.Final/netty-codec-4.1.84.Final.jar:/Users/chiragbansod/.m2/repository/io/netty/netty-handler/4.1.84.Final/netty-handler-4.1.84.Final.jar:/Users/chiragbansod/.m2/repository/io/netty/netty-common/4.1.84.Final/netty-common-4.1.84.Final.jar:/Users/chiragbansod/.m2/repository/io/netty/netty-transport-classes-epoll/4.1.84.Final/netty-transport-classes-epoll-4.1.84.Final.jar:/Users/chiragbansod/.m2/repository/io/netty/netty-transport-classes-kqueue/4.1.84.Final/netty-transport-classes-kqueue-4.1.84.Final.jar:/Users/chiragbansod/.m2/repository/io/netty/netty-transport-native-epoll/4.1.84.Final/netty-transport-native-epoll-4.1.84.Final.jar:/Users/chiragbansod/.m2/repository/io/netty/netty-transport-native-kqueue/4.1.84.Final/netty-transport-native-kqueue-4.1.84.Final.jar:/Users/chiragbansod/.m2/repository/io/netty/netty-transport-native-unix-common/4.1.84.Final/netty-transport-native-unix-common-4.1.84.Final.jar:/Users/chiragbansod/.m2/repository/io/netty/netty-transport/4.1.84.Final/netty-transport-4.1.84.Final.jar:/Users/chiragbansod/.m2/repository/io/netty/netty-resolver/4.1.84.Final/netty-resolver-4.1.84.Final.jar:/Users/chiragbansod/.m2/repository/io/opentelemetry/opentelemetry-api/1.19.0/opentelemetry-api-1.19.0.jar:/Users/chiragbansod/.m2/repository/io/opentelemetry/opentelemetry-context/1.19.0/opentelemetry-context-1.19.0.jar:/Users/chiragbansod/.m2/repository/io/opentelemetry/opentelemetry-exporter-logging/1.19.0/opentelemetry-exporter-logging-1.19.0.jar:/Users/chiragbansod/.m2/repository/io/opentelemetry/opentelemetry-sdk-metrics/1.19.0/opentelemetry-sdk-metrics-1.19.0.jar:/Users/chiragbansod/.m2/repository/io/opentelemetry/opentelemetry-sdk-logs/1.19.0-alpha/opentelemetry-sdk-logs-1.19.0-alpha.jar:/Users/chiragbansod/.m2/repository/io/opentelemetry/opentelemetry-api-logs/1.19.0-alpha/opentelemetry-api-logs-1.19.0-alpha.jar:/Users/chiragbansod/.m2/repository/io/opentelemetry/opentelemetry-sdk-common/1.19.0/opentelemetry-sdk-common-1.19.0.jar:/Users/chiragbansod/.m2/repository/io/opentelemetry/opentelemetry-sdk-extension-autoconfigure-spi/1.19.0/opentelemetry-sdk-extension-autoconfigure-spi-1.19.0.jar:/Users/chiragbansod/.m2/repository/io/opentelemetry/opentelemetry-sdk-extension-autoconfigure/1.19.0-alpha/opentelemetry-sdk-extension-autoconfigure-1.19.0-alpha.jar:/Users/chiragbansod/.m2/repository/io/opentelemetry/opentelemetry-exporter-common/1.19.0/opentelemetry-exporter-common-1.19.0.jar:/Users/chiragbansod/.m2/repository/io/opentelemetry/opentelemetry-sdk-trace/1.19.0/opentelemetry-sdk-trace-1.19.0.jar:/Users/chiragbansod/.m2/repository/io/opentelemetry/opentelemetry-sdk/1.19.0/opentelemetry-sdk-1.19.0.jar:/Users/chiragbansod/.m2/repository/io/opentelemetry/opentelemetry-semconv/1.19.0-alpha/opentelemetry-semconv-1.19.0-alpha.jar:/Users/chiragbansod/.m2/repository/io/ous/jtoml/2.0.0/jtoml-2.0.0.jar:/Users/chiragbansod/.m2/repository/net/bytebuddy/byte-buddy/1.12.18/byte-buddy-1.12.18.jar:/Users/chiragbansod/.m2/repository/org/apache/commons/commons-exec/1.3/commons-exec-1.3.jar:/Users/chiragbansod/.m2/repository/org/asynchttpclient/async-http-client/2.12.3/async-http-client-2.12.3.jar:/Users/chiragbansod/.m2/repository/org/asynchttpclient/async-http-client-netty-utils/2.12.3/async-http-client-netty-utils-2.12.3.jar:/Users/chiragbansod/.m2/repository/io/netty/netty-codec-socks/4.1.60.Final/netty-codec-socks-4.1.60.Final.jar:/Users/chiragbansod/.m2/repository/io/netty/netty-handler-proxy/4.1.60.Final/netty-handler-proxy-4.1.60.Final.jar:/Users/chiragbansod/.m2/repository/io/netty/netty-transport-native-epoll/4.1.60.Final/netty-transport-native-epoll-4.1.60.Final-linux-x86_64.jar:/Users/chiragbansod/.m2/repository/io/netty/netty-transport-native-kqueue/4.1.60.Final/netty-transport-native-kqueue-4.1.60.Final-osx-x86_64.jar:/Users/chiragbansod/.m2/repository/org/reactivestreams/reactive-streams/1.0.3/reactive-streams-1.0.3.jar:/Users/chiragbansod/.m2/repository/com/typesafe/netty/netty-reactive-streams/2.0.4/netty-reactive-streams-2.0.4.jar:/Users/chiragbansod/.m2/repository/com/sun/activation/jakarta.activation/1.2.2/jakarta.activation-1.2.2.jar:/Users/chiragbansod/.m2/repository/org/seleniumhq/selenium/selenium-manager/4.7.2/selenium-manager-4.7.2.jar:/Users/chiragbansod/.m2/repository/org/seleniumhq/selenium/selenium-safari-driver/4.7.2/selenium-safari-driver-4.7.2.jar:/Users/chiragbansod/.m2/repository/org/seleniumhq/selenium/selenium-support/4.7.2/selenium-support-4.7.2.jar:/Users/chiragbansod/.m2/repository/org/testng/testng/7.7.0/testng-7.7.0.jar:/Users/chiragbansod/.m2/repository/org/slf4j/slf4j-api/1.7.36/slf4j-api-1.7.36.jar:/Users/chiragbansod/.m2/repository/com/beust/jcommander/1.82/jcommander-1.82.jar:/Users/chiragbansod/.m2/repository/org/webjars/jquery/3.6.1/jquery-3.6.1.jar:/Users/chiragbansod/.m2/repository/org/apache/poi/poi/3.9/poi-3.9.jar:/Users/chiragbansod/.m2/repository/commons-codec/commons-codec/1.5/commons-codec-1.5.jar:/Users/chiragbansod/.m2/repository/org/apache/poi/poi-ooxml/3.9/poi-ooxml-3.9.jar:/Users/chiragbansod/.m2/repository/dom4j/dom4j/1.6.1/dom4j-1.6.1.jar:/Users/chiragbansod/.m2/repository/xml-apis/xml-apis/1.0.b2/xml-apis-1.0.b2.jar:/Users/chiragbansod/.m2/repository/org/apache/poi/poi-ooxml-schemas/3.9/poi-ooxml-schemas-3.9.jar:/Users/chiragbansod/.m2/repository/org/apache/xmlbeans/xmlbeans/2.3.0/xmlbeans-2.3.0.jar:/Users/chiragbansod/.m2/repository/stax/stax-api/1.0.1/stax-api-1.0.1.jar:/Users/chiragbansod/.m2/repository/org/apache/poi/poi-scratchpad/3.9/poi-scratchpad-3.9.jar:/Users/chiragbansod/.m2/repository/org/apache/poi/ooxml-schemas/1.1/ooxml-schemas-1.1.jar:/Users/chiragbansod/.m2/repository/org/apache/poi/openxml4j/1.0-beta/openxml4j-1.0-beta.jar:/Users/chiragbansod/.m2/repository/log4j/log4j/1.2.8/log4j-1.2.8.jar:/Users/chiragbansod/.m2/repository/io/github/bonigarcia/webdrivermanager/5.3.0/webdrivermanager-5.3.0.jar:/Users/chiragbansod/.m2/repository/com/google/code/gson/gson/2.9.1/gson-2.9.1.jar:/Users/chiragbansod/.m2/repository/com/github/docker-java/docker-java/3.2.13/docker-java-3.2.13.jar:/Users/chiragbansod/.m2/repository/com/github/docker-java/docker-java-core/3.2.13/docker-java-core-3.2.13.jar:/Users/chiragbansod/.m2/repository/com/github/docker-java/docker-java-api/3.2.13/docker-java-api-3.2.13.jar:/Users/chiragbansod/.m2/repository/com/fasterxml/jackson/core/jackson-annotations/2.10.3/jackson-annotations-2.10.3.jar:/Users/chiragbansod/.m2/repository/commons-io/commons-io/2.6/commons-io-2.6.jar:/Users/chiragbansod/.m2/repository/org/apache/commons/commons-compress/1.21/commons-compress-1.21.jar:/Users/chiragbansod/.m2/repository/com/fasterxml/jackson/core/jackson-databind/2.10.3/jackson-databind-2.10.3.jar:/Users/chiragbansod/.m2/repository/com/fasterxml/jackson/core/jackson-core/2.10.3/jackson-core-2.10.3.jar:/Users/chiragbansod/.m2/repository/org/bouncycastle/bcpkix-jdk15on/1.64/bcpkix-jdk15on-1.64.jar:/Users/chiragbansod/.m2/repository/org/bouncycastle/bcprov-jdk15on/1.64/bcprov-jdk15on-1.64.jar:/Users/chiragbansod/.m2/repository/org/slf4j/jcl-over-slf4j/1.7.30/jcl-over-slf4j-1.7.30.jar:/Users/chiragbansod/.m2/repository/com/github/docker-java/docker-java-transport-httpclient5/3.2.13/docker-java-transport-httpclient5-3.2.13.jar:/Users/chiragbansod/.m2/repository/com/github/docker-java/docker-java-transport/3.2.13/docker-java-transport-3.2.13.jar:/Users/chiragbansod/.m2/repository/net/java/dev/jna/jna/5.8.0/jna-5.8.0.jar:/Users/chiragbansod/.m2/repository/org/brotli/dec/0.1.2/dec-0.1.2.jar:/Users/chiragbansod/.m2/repository/org/apache/commons/commons-lang3/3.12.0/commons-lang3-3.12.0.jar:/Users/chiragbansod/.m2/repository/org/apache/httpcomponents/client5/httpclient5/5.1.3/httpclient5-5.1.3.jar:/Users/chiragbansod/.m2/repository/org/apache/httpcomponents/core5/httpcore5/5.1.3/httpcore5-5.1.3.jar:/Users/chiragbansod/.m2/repository/org/apache/httpcomponents/core5/httpcore5-h2/5.1.3/httpcore5-h2-5.1.3.jar:/Users/chiragbansod/.m2/repository/com/relevantcodes/extentreports/2.41.2/extentreports-2.41.2.jar:/Users/chiragbansod/.m2/repository/org/jsoup/jsoup/1.8.3/jsoup-1.8.3.jar:/Users/chiragbansod/.m2/repository/org/xerial/sqlite-jdbc/3.8.11.1/sqlite-jdbc-3.8.11.1.jar:/Users/chiragbansod/.m2/repository/org/freemarker/freemarker/2.3.23/freemarker-2.3.23.jar:/Users/chiragbansod/.m2/repository/org/mongodb/mongodb-driver/3.0.4/mongodb-driver-3.0.4.jar:/Users/chiragbansod/.m2/repository/org/mongodb/bson/3.0.4/bson-3.0.4.jar:/Users/chiragbansod/.m2/repository/org/mongodb/mongodb-driver-core/3.0.4/mongodb-driver-core-3.0.4.jar:"/>
    <property name="java.vm.vendor" value="Oracle Corporation"/>
    <property name="sun.arch.data.model" value="64"/>
    <property name="java.vendor.url" value="https://java.oracle.com/"/>
    <property name="os.name" value="Mac OS X"/>
    <property name="java.vm.specification.version" value="19"/>
    <property name="sun.java.launcher" value="SUN_STANDARD"/>
    <property name="user.country" value="IN"/>
    <property name="sun.boot.library.path" value="/Library/Java/JavaVirtualMachines/jdk-19.jdk/Contents/Home/lib"/>
    <property name="sun.java.command" value="/Users/chiragbansod/Documents/workspace/FreeCRMMavenProject/target/surefire/surefirebooter1546379298454139049.jar /Users/chiragbansod/Documents/workspace/FreeCRMMavenProject/target/surefire 2023-02-01T18-48-03_762-jvmRun1 surefire1476868344153535149tmp surefire_06606632689187464857tmp"/>
    <property name="http.nonProxyHosts" value="local|*.local|169.254/16|*.169.254/16"/>
    <property name="jdk.debug" value="release"/>
    <property name="surefire.test.class.path" value="/Users/chiragbansod/Documents/workspace/FreeCRMMavenProject/target/test-classes:/Users/chiragbansod/Documents/workspace/FreeCRMMavenProject/target/classes:/Users/chiragbansod/.m2/repository/org/seleniumhq/selenium/selenium-java/4.7.2/selenium-java-4.7.2.jar:/Users/chiragbansod/.m2/repository/org/seleniumhq/selenium/selenium-api/4.7.2/selenium-api-4.7.2.jar:/Users/chiragbansod/.m2/repository/org/seleniumhq/selenium/selenium-chrome-driver/4.7.2/selenium-chrome-driver-4.7.2.jar:/Users/chiragbansod/.m2/repository/com/google/auto/service/auto-service-annotations/1.0.1/auto-service-annotations-1.0.1.jar:/Users/chiragbansod/.m2/repository/com/google/auto/service/auto-service/1.0.1/auto-service-1.0.1.jar:/Users/chiragbansod/.m2/repository/com/google/auto/auto-common/1.2/auto-common-1.2.jar:/Users/chiragbansod/.m2/repository/com/google/guava/guava/31.1-jre/guava-31.1-jre.jar:/Users/chiragbansod/.m2/repository/com/google/guava/failureaccess/1.0.1/failureaccess-1.0.1.jar:/Users/chiragbansod/.m2/repository/com/google/guava/listenablefuture/9999.0-empty-to-avoid-conflict-with-guava/listenablefuture-9999.0-empty-to-avoid-conflict-with-guava.jar:/Users/chiragbansod/.m2/repository/com/google/code/findbugs/jsr305/3.0.2/jsr305-3.0.2.jar:/Users/chiragbansod/.m2/repository/org/checkerframework/checker-qual/3.12.0/checker-qual-3.12.0.jar:/Users/chiragbansod/.m2/repository/com/google/errorprone/error_prone_annotations/2.11.0/error_prone_annotations-2.11.0.jar:/Users/chiragbansod/.m2/repository/com/google/j2objc/j2objc-annotations/1.3/j2objc-annotations-1.3.jar:/Users/chiragbansod/.m2/repository/org/seleniumhq/selenium/selenium-chromium-driver/4.7.2/selenium-chromium-driver-4.7.2.jar:/Users/chiragbansod/.m2/repository/org/seleniumhq/selenium/selenium-json/4.7.2/selenium-json-4.7.2.jar:/Users/chiragbansod/.m2/repository/org/seleniumhq/selenium/selenium-devtools-v106/4.7.2/selenium-devtools-v106-4.7.2.jar:/Users/chiragbansod/.m2/repository/org/seleniumhq/selenium/selenium-devtools-v107/4.7.2/selenium-devtools-v107-4.7.2.jar:/Users/chiragbansod/.m2/repository/org/seleniumhq/selenium/selenium-devtools-v108/4.7.2/selenium-devtools-v108-4.7.2.jar:/Users/chiragbansod/.m2/repository/org/seleniumhq/selenium/selenium-devtools-v85/4.7.2/selenium-devtools-v85-4.7.2.jar:/Users/chiragbansod/.m2/repository/org/seleniumhq/selenium/selenium-edge-driver/4.7.2/selenium-edge-driver-4.7.2.jar:/Users/chiragbansod/.m2/repository/org/seleniumhq/selenium/selenium-firefox-driver/4.7.2/selenium-firefox-driver-4.7.2.jar:/Users/chiragbansod/.m2/repository/org/seleniumhq/selenium/selenium-http/4.7.2/selenium-http-4.7.2.jar:/Users/chiragbansod/.m2/repository/dev/failsafe/failsafe/3.3.0/failsafe-3.3.0.jar:/Users/chiragbansod/.m2/repository/org/seleniumhq/selenium/selenium-ie-driver/4.7.2/selenium-ie-driver-4.7.2.jar:/Users/chiragbansod/.m2/repository/org/seleniumhq/selenium/selenium-remote-driver/4.7.2/selenium-remote-driver-4.7.2.jar:/Users/chiragbansod/.m2/repository/io/netty/netty-buffer/4.1.84.Final/netty-buffer-4.1.84.Final.jar:/Users/chiragbansod/.m2/repository/io/netty/netty-codec-http/4.1.84.Final/netty-codec-http-4.1.84.Final.jar:/Users/chiragbansod/.m2/repository/io/netty/netty-codec/4.1.84.Final/netty-codec-4.1.84.Final.jar:/Users/chiragbansod/.m2/repository/io/netty/netty-handler/4.1.84.Final/netty-handler-4.1.84.Final.jar:/Users/chiragbansod/.m2/repository/io/netty/netty-common/4.1.84.Final/netty-common-4.1.84.Final.jar:/Users/chiragbansod/.m2/repository/io/netty/netty-transport-classes-epoll/4.1.84.Final/netty-transport-classes-epoll-4.1.84.Final.jar:/Users/chiragbansod/.m2/repository/io/netty/netty-transport-classes-kqueue/4.1.84.Final/netty-transport-classes-kqueue-4.1.84.Final.jar:/Users/chiragbansod/.m2/repository/io/netty/netty-transport-native-epoll/4.1.84.Final/netty-transport-native-epoll-4.1.84.Final.jar:/Users/chiragbansod/.m2/repository/io/netty/netty-transport-native-kqueue/4.1.84.Final/netty-transport-native-kqueue-4.1.84.Final.jar:/Users/chiragbansod/.m2/repository/io/netty/netty-transport-native-unix-common/4.1.84.Final/netty-transport-native-unix-common-4.1.84.Final.jar:/Users/chiragbansod/.m2/repository/io/netty/netty-transport/4.1.84.Final/netty-transport-4.1.84.Final.jar:/Users/chiragbansod/.m2/repository/io/netty/netty-resolver/4.1.84.Final/netty-resolver-4.1.84.Final.jar:/Users/chiragbansod/.m2/repository/io/opentelemetry/opentelemetry-api/1.19.0/opentelemetry-api-1.19.0.jar:/Users/chiragbansod/.m2/repository/io/opentelemetry/opentelemetry-context/1.19.0/opentelemetry-context-1.19.0.jar:/Users/chiragbansod/.m2/repository/io/opentelemetry/opentelemetry-exporter-logging/1.19.0/opentelemetry-exporter-logging-1.19.0.jar:/Users/chiragbansod/.m2/repository/io/opentelemetry/opentelemetry-sdk-metrics/1.19.0/opentelemetry-sdk-metrics-1.19.0.jar:/Users/chiragbansod/.m2/repository/io/opentelemetry/opentelemetry-sdk-logs/1.19.0-alpha/opentelemetry-sdk-logs-1.19.0-alpha.jar:/Users/chiragbansod/.m2/repository/io/opentelemetry/opentelemetry-api-logs/1.19.0-alpha/opentelemetry-api-logs-1.19.0-alpha.jar:/Users/chiragbansod/.m2/repository/io/opentelemetry/opentelemetry-sdk-common/1.19.0/opentelemetry-sdk-common-1.19.0.jar:/Users/chiragbansod/.m2/repository/io/opentelemetry/opentelemetry-sdk-extension-autoconfigure-spi/1.19.0/opentelemetry-sdk-extension-autoconfigure-spi-1.19.0.jar:/Users/chiragbansod/.m2/repository/io/opentelemetry/opentelemetry-sdk-extension-autoconfigure/1.19.0-alpha/opentelemetry-sdk-extension-autoconfigure-1.19.0-alpha.jar:/Users/chiragbansod/.m2/repository/io/opentelemetry/opentelemetry-exporter-common/1.19.0/opentelemetry-exporter-common-1.19.0.jar:/Users/chiragbansod/.m2/repository/io/opentelemetry/opentelemetry-sdk-trace/1.19.0/opentelemetry-sdk-trace-1.19.0.jar:/Users/chiragbansod/.m2/repository/io/opentelemetry/opentelemetry-sdk/1.19.0/opentelemetry-sdk-1.19.0.jar:/Users/chiragbansod/.m2/repository/io/opentelemetry/opentelemetry-semconv/1.19.0-alpha/opentelemetry-semconv-1.19.0-alpha.jar:/Users/chiragbansod/.m2/repository/io/ous/jtoml/2.0.0/jtoml-2.0.0.jar:/Users/chiragbansod/.m2/repository/net/bytebuddy/byte-buddy/1.12.18/byte-buddy-1.12.18.jar:/Users/chiragbansod/.m2/repository/org/apache/commons/commons-exec/1.3/commons-exec-1.3.jar:/Users/chiragbansod/.m2/repository/org/asynchttpclient/async-http-client/2.12.3/async-http-client-2.12.3.jar:/Users/chiragbansod/.m2/repository/org/asynchttpclient/async-http-client-netty-utils/2.12.3/async-http-client-netty-utils-2.12.3.jar:/Users/chiragbansod/.m2/repository/io/netty/netty-codec-socks/4.1.60.Final/netty-codec-socks-4.1.60.Final.jar:/Users/chiragbansod/.m2/repository/io/netty/netty-handler-proxy/4.1.60.Final/netty-handler-proxy-4.1.60.Final.jar:/Users/chiragbansod/.m2/repository/io/netty/netty-transport-native-epoll/4.1.60.Final/netty-transport-native-epoll-4.1.60.Final-linux-x86_64.jar:/Users/chiragbansod/.m2/repository/io/netty/netty-transport-native-kqueue/4.1.60.Final/netty-transport-native-kqueue-4.1.60.Final-osx-x86_64.jar:/Users/chiragbansod/.m2/repository/org/reactivestreams/reactive-streams/1.0.3/reactive-streams-1.0.3.jar:/Users/chiragbansod/.m2/repository/com/typesafe/netty/netty-reactive-streams/2.0.4/netty-reactive-streams-2.0.4.jar:/Users/chiragbansod/.m2/repository/com/sun/activation/jakarta.activation/1.2.2/jakarta.activation-1.2.2.jar:/Users/chiragbansod/.m2/repository/org/seleniumhq/selenium/selenium-manager/4.7.2/selenium-manager-4.7.2.jar:/Users/chiragbansod/.m2/repository/org/seleniumhq/selenium/selenium-safari-driver/4.7.2/selenium-safari-driver-4.7.2.jar:/Users/chiragbansod/.m2/repository/org/seleniumhq/selenium/selenium-support/4.7.2/selenium-support-4.7.2.jar:/Users/chiragbansod/.m2/repository/org/testng/testng/7.7.0/testng-7.7.0.jar:/Users/chiragbansod/.m2/repository/org/slf4j/slf4j-api/1.7.36/slf4j-api-1.7.36.jar:/Users/chiragbansod/.m2/repository/com/beust/jcommander/1.82/jcommander-1.82.jar:/Users/chiragbansod/.m2/repository/org/webjars/jquery/3.6.1/jquery-3.6.1.jar:/Users/chiragbansod/.m2/repository/org/apache/poi/poi/3.9/poi-3.9.jar:/Users/chiragbansod/.m2/repository/commons-codec/commons-codec/1.5/commons-codec-1.5.jar:/Users/chiragbansod/.m2/repository/org/apache/poi/poi-ooxml/3.9/poi-ooxml-3.9.jar:/Users/chiragbansod/.m2/repository/dom4j/dom4j/1.6.1/dom4j-1.6.1.jar:/Users/chiragbansod/.m2/repository/xml-apis/xml-apis/1.0.b2/xml-apis-1.0.b2.jar:/Users/chiragbansod/.m2/repository/org/apache/poi/poi-ooxml-schemas/3.9/poi-ooxml-schemas-3.9.jar:/Users/chiragbansod/.m2/repository/org/apache/xmlbeans/xmlbeans/2.3.0/xmlbeans-2.3.0.jar:/Users/chiragbansod/.m2/repository/stax/stax-api/1.0.1/stax-api-1.0.1.jar:/Users/chiragbansod/.m2/repository/org/apache/poi/poi-scratchpad/3.9/poi-scratchpad-3.9.jar:/Users/chiragbansod/.m2/repository/org/apache/poi/ooxml-schemas/1.1/ooxml-schemas-1.1.jar:/Users/chiragbansod/.m2/repository/org/apache/poi/openxml4j/1.0-beta/openxml4j-1.0-beta.jar:/Users/chiragbansod/.m2/repository/log4j/log4j/1.2.8/log4j-1.2.8.jar:/Users/chiragbansod/.m2/repository/io/github/bonigarcia/webdrivermanager/5.3.0/webdrivermanager-5.3.0.jar:/Users/chiragbansod/.m2/repository/com/google/code/gson/gson/2.9.1/gson-2.9.1.jar:/Users/chiragbansod/.m2/repository/com/github/docker-java/docker-java/3.2.13/docker-java-3.2.13.jar:/Users/chiragbansod/.m2/repository/com/github/docker-java/docker-java-core/3.2.13/docker-java-core-3.2.13.jar:/Users/chiragbansod/.m2/repository/com/github/docker-java/docker-java-api/3.2.13/docker-java-api-3.2.13.jar:/Users/chiragbansod/.m2/repository/com/fasterxml/jackson/core/jackson-annotations/2.10.3/jackson-annotations-2.10.3.jar:/Users/chiragbansod/.m2/repository/commons-io/commons-io/2.6/commons-io-2.6.jar:/Users/chiragbansod/.m2/repository/org/apache/commons/commons-compress/1.21/commons-compress-1.21.jar:/Users/chiragbansod/.m2/repository/com/fasterxml/jackson/core/jackson-databind/2.10.3/jackson-databind-2.10.3.jar:/Users/chiragbansod/.m2/repository/com/fasterxml/jackson/core/jackson-core/2.10.3/jackson-core-2.10.3.jar:/Users/chiragbansod/.m2/repository/org/bouncycastle/bcpkix-jdk15on/1.64/bcpkix-jdk15on-1.64.jar:/Users/chiragbansod/.m2/repository/org/bouncycastle/bcprov-jdk15on/1.64/bcprov-jdk15on-1.64.jar:/Users/chiragbansod/.m2/repository/org/slf4j/jcl-over-slf4j/1.7.30/jcl-over-slf4j-1.7.30.jar:/Users/chiragbansod/.m2/repository/com/github/docker-java/docker-java-transport-httpclient5/3.2.13/docker-java-transport-httpclient5-3.2.13.jar:/Users/chiragbansod/.m2/repository/com/github/docker-java/docker-java-transport/3.2.13/docker-java-transport-3.2.13.jar:/Users/chiragbansod/.m2/repository/net/java/dev/jna/jna/5.8.0/jna-5.8.0.jar:/Users/chiragbansod/.m2/repository/org/brotli/dec/0.1.2/dec-0.1.2.jar:/Users/chiragbansod/.m2/repository/org/apache/commons/commons-lang3/3.12.0/commons-lang3-3.12.0.jar:/Users/chiragbansod/.m2/repository/org/apache/httpcomponents/client5/httpclient5/5.1.3/httpclient5-5.1.3.jar:/Users/chiragbansod/.m2/repository/org/apache/httpcomponents/core5/httpcore5/5.1.3/httpcore5-5.1.3.jar:/Users/chiragbansod/.m2/repository/org/apache/httpcomponents/core5/httpcore5-h2/5.1.3/httpcore5-h2-5.1.3.jar:/Users/chiragbansod/.m2/repository/com/relevantcodes/extentreports/2.41.2/extentreports-2.41.2.jar:/Users/chiragbansod/.m2/repository/org/jsoup/jsoup/1.8.3/jsoup-1.8.3.jar:/Users/chiragbansod/.m2/repository/org/xerial/sqlite-jdbc/3.8.11.1/sqlite-jdbc-3.8.11.1.jar:/Users/chiragbansod/.m2/repository/org/freemarker/freemarker/2.3.23/freemarker-2.3.23.jar:/Users/chiragbansod/.m2/repository/org/mongodb/mongodb-driver/3.0.4/mongodb-driver-3.0.4.jar:/Users/chiragbansod/.m2/repository/org/mongodb/bson/3.0.4/bson-3.0.4.jar:/Users/chiragbansod/.m2/repository/org/mongodb/mongodb-driver-core/3.0.4/mongodb-driver-core-3.0.4.jar:"/>
    <property name="sun.cpu.endian" value="little"/>
    <property name="user.home" value="/Users/chiragbansod"/>
    <property name="user.language" value="en"/>
    <property name="java.specification.vendor" value="Oracle Corporation"/>
    <property name="java.version.date" value="2022-10-18"/>
    <property name="java.home" value="/Library/Java/JavaVirtualMachines/jdk-19.jdk/Contents/Home"/>
    <property name="file.separator" value="/"/>
    <property name="basedir" value="/Users/chiragbansod/Documents/workspace/FreeCRMMavenProject"/>
    <property name="java.vm.compressedOopsMode" value="Zero based"/>
    <property name="line.separator" value="&#10;"/>
    <property name="java.vm.specification.vendor" value="Oracle Corporation"/>
    <property name="java.specification.name" value="Java Platform API Specification"/>
    <property name="apple.awt.application.name" value="ForkedBooter"/>
    <property name="surefire.real.class.path" value="/Users/chiragbansod/Documents/workspace/FreeCRMMavenProject/target/surefire/surefirebooter1546379298454139049.jar"/>
    <property name="sun.management.compiler" value="HotSpot 64-Bit Tiered Compilers"/>
    <property name="ftp.nonProxyHosts" value="local|*.local|169.254/16|*.169.254/16"/>
    <property name="java.runtime.version" value="19.0.1+10-21"/>
    <property name="user.name" value="chiragbansod"/>
    <property name="stdout.encoding" value="UTF-8"/>
    <property name="path.separator" value=":"/>
    <property name="os.version" value="13.0.1"/>
    <property name="java.runtime.name" value="Java(TM) SE Runtime Environment"/>
    <property name="file.encoding" value="UTF-8"/>
    <property name="java.vm.name" value="Java HotSpot(TM) 64-Bit Server VM"/>
    <property name="localRepository" value="/Users/chiragbansod/.m2/repository"/>
    <property name="java.vendor.url.bug" value="https://bugreport.java.com/bugreport/"/>
    <property name="java.io.tmpdir" value="/var/folders/wv/7btdhzfn7yz31nybyt42nxjr0000gn/T/"/>
    <property name="java.version" value="19.0.1"/>
    <property name="user.dir" value="/Users/chiragbansod/Documents/workspace/FreeCRMMavenProject"/>
    <property name="os.arch" value="aarch64"/>
    <property name="java.vm.specification.name" value="Java Virtual Machine Specification"/>
    <property name="native.encoding" value="UTF-8"/>
    <property name="java.library.path" value="/Users/chiragbansod/Library/Java/Extensions:/Library/Java/Extensions:/Network/Library/Java/Extensions:/System/Library/Java/Extensions:/usr/lib/java:."/>
    <property name="java.vm.info" value="mixed mode, sharing"/>
    <property name="stderr.encoding" value="UTF-8"/>
    <property name="java.vendor" value="Oracle Corporation"/>
    <property name="java.vm.version" value="19.0.1+10-21"/>
    <property name="sun.io.unicode.encoding" value="UnicodeBig"/>
    <property name="socksNonProxyHosts" value="local|*.local|169.254/16|*.169.254/16"/>
    <property name="java.class.version" value="63.0"/>
  </properties>
  <testcase name="launchBrowser" classname="FreeCRMMavenProject.FreeCRMMavenProject.AppTest" time="5.035"/>
  <testcase name="shouldAnswerWithTrue" classname="FreeCRMMavenProject.FreeCRMMavenProject.AppTest" time="0"/>
  <testcase name="setup" classname="com.crm.qa.testcases.ContactsPageTest" time="17.895">
    <failure message="element click intercepted: Element &lt;input type=&quot;submit&quot; value=&quot;Login&quot; class=&quot;btn btn-small&quot;&gt; is not clickable at point (1149, 117). Other element would receive the click: &lt;div id=&quot;preloader&quot; style=&quot;opacity: 1;&quot;&gt;...&lt;/div&gt;&#10;  (Session info: chrome=109.0.5414.119)&#10;Build info: version: &apos;4.7.2&apos;, revision: &apos;4d4020c3b7&apos;&#10;System info: os.name: &apos;Mac OS X&apos;, os.arch: &apos;aarch64&apos;, os.version: &apos;13.0.1&apos;, java.version: &apos;19.0.1&apos;&#10;Driver info: org.openqa.selenium.chrome.ChromeDriver&#10;Command: [b08f11683293dee4ffc19e3099bace3a, clickElement {id=3d71be1c-665b-4cc6-aa36-c61420849580}]&#10;Capabilities {acceptInsecureCerts: false, browserName: chrome, browserVersion: 109.0.5414.119, chrome: {chromedriverVersion: 109.0.5414.74 (e7c5703604da..., userDataDir: /var/folders/wv/7btdhzfn7yz...}, goog:chromeOptions: {debuggerAddress: localhost:57166}, networkConnectionEnabled: false, pageLoadStrategy: normal, platformName: MAC, proxy: Proxy(), se:cdp: ws://localhost:57166/devtoo..., se:cdpVersion: 109.0.5414.119, setWindowRect: true, strictFileInteractability: false, timeouts: {implicit: 0, pageLoad: 300000, script: 30000}, unhandledPromptBehavior: dismiss and notify, webauthn:extension:credBlob: true, webauthn:extension:largeBlob: true, webauthn:virtualAuthenticators: true}&#10;Element: [[ChromeDriver: chrome on MAC (b08f11683293dee4ffc19e3099bace3a)] -&gt; xpath: //input[@type=&apos;submit&apos;]]&#10;Session ID: b08f11683293dee4ffc19e3099bace3a" type="org.openqa.selenium.ElementClickInterceptedException"><![CDATA[org.openqa.selenium.ElementClickInterceptedException: 
element click intercepted: Element <input type="submit" value="Login" class="btn btn-small"> is not clickable at point (1149, 117). Other element would receive the click: <div id="preloader" style="opacity: 1;">...</div>
  (Session info: chrome=109.0.5414.119)
Build info: version: '4.7.2', revision: '4d4020c3b7'
System info: os.name: 'Mac OS X', os.arch: 'aarch64', os.version: '13.0.1', java.version: '19.0.1'
Driver info: org.openqa.selenium.chrome.ChromeDriver
Command: [b08f11683293dee4ffc19e3099bace3a, clickElement {id=3d71be1c-665b-4cc6-aa36-c61420849580}]
Capabilities {acceptInsecureCerts: false, browserName: chrome, browserVersion: 109.0.5414.119, chrome: {chromedriverVersion: 109.0.5414.74 (e7c5703604da..., userDataDir: /var/folders/wv/7btdhzfn7yz...}, goog:chromeOptions: {debuggerAddress: localhost:57166}, networkConnectionEnabled: false, pageLoadStrategy: normal, platformName: MAC, proxy: Proxy(), se:cdp: ws://localhost:57166/devtoo..., se:cdpVersion: 109.0.5414.119, setWindowRect: true, strictFileInteractability: false, timeouts: {implicit: 0, pageLoad: 300000, script: 30000}, unhandledPromptBehavior: dismiss and notify, webauthn:extension:credBlob: true, webauthn:extension:largeBlob: true, webauthn:virtualAuthenticators: true}
Element: [[ChromeDriver: chrome on MAC (b08f11683293dee4ffc19e3099bace3a)] -> xpath: //input[@type='submit']]
Session ID: b08f11683293dee4ffc19e3099bace3a
	at com.crm.qa.testcases.ContactsPageTest.setup(ContactsPageTest.java:36)
]]></failure>
    <system-out><![CDATA[Before navigating to:' https://classic.freecrm.com/'
Navigated to:' https://classic.freecrm.com/'
Before change value of [[ChromeDriver: chrome on MAC (b08f11683293dee4ffc19e3099bace3a)] -> name: username]before any changes made
Element valued change to [[ChromeDriver: chrome on MAC (b08f11683293dee4ffc19e3099bace3a)] -> name: username]
Before change value of [[ChromeDriver: chrome on MAC (b08f11683293dee4ffc19e3099bace3a)] -> name: password]before any changes made
Element valued change to [[ChromeDriver: chrome on MAC (b08f11683293dee4ffc19e3099bace3a)] -> name: password]
Trying to click on [[ChromeDriver: chrome on MAC (b08f11683293dee4ffc19e3099bace3a)] -> xpath: //input[@type='submit']]
Exception occurred: org.openqa.selenium.ElementClickInterceptedException: element click intercepted: Element <input type="submit" value="Login" class="btn btn-small"> is not clickable at point (1149, 117). Other element would receive the click: <div id="preloader" style="opacity: 1;">...</div>
  (Session info: chrome=109.0.5414.119)
Build info: version: '4.7.2', revision: '4d4020c3b7'
System info: os.name: 'Mac OS X', os.arch: 'aarch64', os.version: '13.0.1', java.version: '19.0.1'
Driver info: org.openqa.selenium.chrome.ChromeDriver
Command: [b08f11683293dee4ffc19e3099bace3a, clickElement {id=3d71be1c-665b-4cc6-aa36-c61420849580}]
Capabilities {acceptInsecureCerts: false, browserName: chrome, browserVersion: 109.0.5414.119, chrome: {chromedriverVersion: 109.0.5414.74 (e7c5703604da..., userDataDir: /var/folders/wv/7btdhzfn7yz...}, goog:chromeOptions: {debuggerAddress: localhost:57166}, networkConnectionEnabled: false, pageLoadStrategy: normal, platformName: MAC, proxy: Proxy(), se:cdp: ws://localhost:57166/devtoo..., se:cdpVersion: 109.0.5414.119, setWindowRect: true, strictFileInteractability: false, timeouts: {implicit: 0, pageLoad: 300000, script: 30000}, unhandledPromptBehavior: dismiss and notify, webauthn:extension:credBlob: true, webauthn:extension:largeBlob: true, webauthn:virtualAuthenticators: true}
Element: [[ChromeDriver: chrome on MAC (b08f11683293dee4ffc19e3099bace3a)] -> xpath: //input[@type='submit']]
Session ID: b08f11683293dee4ffc19e3099bace3a
]]></system-out>
    <system-err><![CDATA[Starting ChromeDriver 109.0.5414.74 (e7c5703604daa9cc128ccf5a5d3e993513758913-refs/branch-heads/5414@{#1172}) on port 33101
Only local connections are allowed.
Please see https://chromedriver.chromium.org/security-considerations for suggestions on keeping ChromeDriver safe.
ChromeDriver was started successfully.
Feb 01, 2023 6:48:09 PM org.openqa.selenium.devtools.CdpVersionFinder findNearestMatch
WARNING: Unable to find an exact match for CDP version 109, so returning the closest version found: 108
]]></system-err>
  </testcase>
  <testcase name="setup" classname="com.crm.qa.testcases.ContactsPageTest" time="0">
    <skipped/>
  </testcase>
  <testcase name="setup" classname="com.crm.qa.testcases.ContactsPageTest" time="0">
    <skipped/>
  </testcase>
  <testcase name="setup" classname="com.crm.qa.testcases.ContactsPageTest" time="0">
    <skipped/>
  </testcase>
  <testcase name="setup" classname="com.crm.qa.testcases.ContactsPageTest" time="0">
    <skipped/>
  </testcase>
  <testcase name="setup" classname="com.crm.qa.testcases.ContactsPageTest" time="0">
    <skipped/>
  </testcase>
  <testcase name="verifyContactsLabel" classname="com.crm.qa.testcases.ContactsPageTest" time="0">
    <skipped message="element click intercepted: Element &lt;input type=&quot;submit&quot; value=&quot;Login&quot; class=&quot;btn btn-small&quot;&gt; is not clickable at point (1149, 117). Other element would receive the click: &lt;div id=&quot;preloader&quot; style=&quot;opacity: 1;&quot;&gt;...&lt;/div&gt;&#10;  (Session info: chrome=109.0.5414.119)&#10;Build info: version: &apos;4.7.2&apos;, revision: &apos;4d4020c3b7&apos;&#10;System info: os.name: &apos;Mac OS X&apos;, os.arch: &apos;aarch64&apos;, os.version: &apos;13.0.1&apos;, java.version: &apos;19.0.1&apos;&#10;Driver info: org.openqa.selenium.chrome.ChromeDriver&#10;Command: [b08f11683293dee4ffc19e3099bace3a, clickElement {id=3d71be1c-665b-4cc6-aa36-c61420849580}]&#10;Capabilities {acceptInsecureCerts: false, browserName: chrome, browserVersion: 109.0.5414.119, chrome: {chromedriverVersion: 109.0.5414.74 (e7c5703604da..., userDataDir: /var/folders/wv/7btdhzfn7yz...}, goog:chromeOptions: {debuggerAddress: localhost:57166}, networkConnectionEnabled: false, pageLoadStrategy: normal, platformName: MAC, proxy: Proxy(), se:cdp: ws://localhost:57166/devtoo..., se:cdpVersion: 109.0.5414.119, setWindowRect: true, strictFileInteractability: false, timeouts: {implicit: 0, pageLoad: 300000, script: 30000}, unhandledPromptBehavior: dismiss and notify, webauthn:extension:credBlob: true, webauthn:extension:largeBlob: true, webauthn:virtualAuthenticators: true}&#10;Element: [[ChromeDriver: chrome on MAC (b08f11683293dee4ffc19e3099bace3a)] -&gt; xpath: //input[@type=&apos;submit&apos;]]&#10;Session ID: b08f11683293dee4ffc19e3099bace3a"/>
  </testcase>
  <testcase name="teardown" classname="com.crm.qa.testcases.ContactsPageTest" time="0">
    <skipped/>
  </testcase>
  <testcase name="teardown" classname="com.crm.qa.testcases.ContactsPageTest" time="0">
    <skipped/>
  </testcase>
  <testcase name="teardown" classname="com.crm.qa.testcases.ContactsPageTest" time="0">
    <skipped/>
  </testcase>
  <testcase name="teardown" classname="com.crm.qa.testcases.ContactsPageTest" time="0">
    <skipped/>
  </testcase>
  <testcase name="teardown" classname="com.crm.qa.testcases.ContactsPageTest" time="0">
    <skipped/>
  </testcase>
  <testcase name="teardown" classname="com.crm.qa.testcases.ContactsPageTest" time="0">
    <skipped/>
  </testcase>
  <testcase name="selectContactsTest" classname="com.crm.qa.testcases.ContactsPageTest" time="0">
    <skipped message="element click intercepted: Element &lt;input type=&quot;submit&quot; value=&quot;Login&quot; class=&quot;btn btn-small&quot;&gt; is not clickable at point (1149, 117). Other element would receive the click: &lt;div id=&quot;preloader&quot; style=&quot;opacity: 1;&quot;&gt;...&lt;/div&gt;&#10;  (Session info: chrome=109.0.5414.119)&#10;Build info: version: &apos;4.7.2&apos;, revision: &apos;4d4020c3b7&apos;&#10;System info: os.name: &apos;Mac OS X&apos;, os.arch: &apos;aarch64&apos;, os.version: &apos;13.0.1&apos;, java.version: &apos;19.0.1&apos;&#10;Driver info: org.openqa.selenium.chrome.ChromeDriver&#10;Command: [b08f11683293dee4ffc19e3099bace3a, clickElement {id=3d71be1c-665b-4cc6-aa36-c61420849580}]&#10;Capabilities {acceptInsecureCerts: false, browserName: chrome, browserVersion: 109.0.5414.119, chrome: {chromedriverVersion: 109.0.5414.74 (e7c5703604da..., userDataDir: /var/folders/wv/7btdhzfn7yz...}, goog:chromeOptions: {debuggerAddress: localhost:57166}, networkConnectionEnabled: false, pageLoadStrategy: normal, platformName: MAC, proxy: Proxy(), se:cdp: ws://localhost:57166/devtoo..., se:cdpVersion: 109.0.5414.119, setWindowRect: true, strictFileInteractability: false, timeouts: {implicit: 0, pageLoad: 300000, script: 30000}, unhandledPromptBehavior: dismiss and notify, webauthn:extension:credBlob: true, webauthn:extension:largeBlob: true, webauthn:virtualAuthenticators: true}&#10;Element: [[ChromeDriver: chrome on MAC (b08f11683293dee4ffc19e3099bace3a)] -&gt; xpath: //input[@type=&apos;submit&apos;]]&#10;Session ID: b08f11683293dee4ffc19e3099bace3a"/>
  </testcase>
  <testcase name="selectMultiple" classname="com.crm.qa.testcases.ContactsPageTest" time="0">
    <skipped message="element click intercepted: Element &lt;input type=&quot;submit&quot; value=&quot;Login&quot; class=&quot;btn btn-small&quot;&gt; is not clickable at point (1149, 117). Other element would receive the click: &lt;div id=&quot;preloader&quot; style=&quot;opacity: 1;&quot;&gt;...&lt;/div&gt;&#10;  (Session info: chrome=109.0.5414.119)&#10;Build info: version: &apos;4.7.2&apos;, revision: &apos;4d4020c3b7&apos;&#10;System info: os.name: &apos;Mac OS X&apos;, os.arch: &apos;aarch64&apos;, os.version: &apos;13.0.1&apos;, java.version: &apos;19.0.1&apos;&#10;Driver info: org.openqa.selenium.chrome.ChromeDriver&#10;Command: [b08f11683293dee4ffc19e3099bace3a, clickElement {id=3d71be1c-665b-4cc6-aa36-c61420849580}]&#10;Capabilities {acceptInsecureCerts: false, browserName: chrome, browserVersion: 109.0.5414.119, chrome: {chromedriverVersion: 109.0.5414.74 (e7c5703604da..., userDataDir: /var/folders/wv/7btdhzfn7yz...}, goog:chromeOptions: {debuggerAddress: localhost:57166}, networkConnectionEnabled: false, pageLoadStrategy: normal, platformName: MAC, proxy: Proxy(), se:cdp: ws://localhost:57166/devtoo..., se:cdpVersion: 109.0.5414.119, setWindowRect: true, strictFileInteractability: false, timeouts: {implicit: 0, pageLoad: 300000, script: 30000}, unhandledPromptBehavior: dismiss and notify, webauthn:extension:credBlob: true, webauthn:extension:largeBlob: true, webauthn:virtualAuthenticators: true}&#10;Element: [[ChromeDriver: chrome on MAC (b08f11683293dee4ffc19e3099bace3a)] -&gt; xpath: //input[@type=&apos;submit&apos;]]&#10;Session ID: b08f11683293dee4ffc19e3099bace3a"/>
  </testcase>
  <testcase name="validateCreateNewContactTest" classname="com.crm.qa.testcases.ContactsPageTest" time="0">
    <skipped message="element click intercepted: Element &lt;input type=&quot;submit&quot; value=&quot;Login&quot; class=&quot;btn btn-small&quot;&gt; is not clickable at point (1149, 117). Other element would receive the click: &lt;div id=&quot;preloader&quot; style=&quot;opacity: 1;&quot;&gt;...&lt;/div&gt;&#10;  (Session info: chrome=109.0.5414.119)&#10;Build info: version: &apos;4.7.2&apos;, revision: &apos;4d4020c3b7&apos;&#10;System info: os.name: &apos;Mac OS X&apos;, os.arch: &apos;aarch64&apos;, os.version: &apos;13.0.1&apos;, java.version: &apos;19.0.1&apos;&#10;Driver info: org.openqa.selenium.chrome.ChromeDriver&#10;Command: [b08f11683293dee4ffc19e3099bace3a, clickElement {id=3d71be1c-665b-4cc6-aa36-c61420849580}]&#10;Capabilities {acceptInsecureCerts: false, browserName: chrome, browserVersion: 109.0.5414.119, chrome: {chromedriverVersion: 109.0.5414.74 (e7c5703604da..., userDataDir: /var/folders/wv/7btdhzfn7yz...}, goog:chromeOptions: {debuggerAddress: localhost:57166}, networkConnectionEnabled: false, pageLoadStrategy: normal, platformName: MAC, proxy: Proxy(), se:cdp: ws://localhost:57166/devtoo..., se:cdpVersion: 109.0.5414.119, setWindowRect: true, strictFileInteractability: false, timeouts: {implicit: 0, pageLoad: 300000, script: 30000}, unhandledPromptBehavior: dismiss and notify, webauthn:extension:credBlob: true, webauthn:extension:largeBlob: true, webauthn:virtualAuthenticators: true}&#10;Element: [[ChromeDriver: chrome on MAC (b08f11683293dee4ffc19e3099bace3a)] -&gt; xpath: //input[@type=&apos;submit&apos;]]&#10;Session ID: b08f11683293dee4ffc19e3099bace3a"/>
  </testcase>
  <testcase name="validateCreateNewContactTest" classname="com.crm.qa.testcases.ContactsPageTest" time="0">
    <skipped message="element click intercepted: Element &lt;input type=&quot;submit&quot; value=&quot;Login&quot; class=&quot;btn btn-small&quot;&gt; is not clickable at point (1149, 117). Other element would receive the click: &lt;div id=&quot;preloader&quot; style=&quot;opacity: 1;&quot;&gt;...&lt;/div&gt;&#10;  (Session info: chrome=109.0.5414.119)&#10;Build info: version: &apos;4.7.2&apos;, revision: &apos;4d4020c3b7&apos;&#10;System info: os.name: &apos;Mac OS X&apos;, os.arch: &apos;aarch64&apos;, os.version: &apos;13.0.1&apos;, java.version: &apos;19.0.1&apos;&#10;Driver info: org.openqa.selenium.chrome.ChromeDriver&#10;Command: [b08f11683293dee4ffc19e3099bace3a, clickElement {id=3d71be1c-665b-4cc6-aa36-c61420849580}]&#10;Capabilities {acceptInsecureCerts: false, browserName: chrome, browserVersion: 109.0.5414.119, chrome: {chromedriverVersion: 109.0.5414.74 (e7c5703604da..., userDataDir: /var/folders/wv/7btdhzfn7yz...}, goog:chromeOptions: {debuggerAddress: localhost:57166}, networkConnectionEnabled: false, pageLoadStrategy: normal, platformName: MAC, proxy: Proxy(), se:cdp: ws://localhost:57166/devtoo..., se:cdpVersion: 109.0.5414.119, setWindowRect: true, strictFileInteractability: false, timeouts: {implicit: 0, pageLoad: 300000, script: 30000}, unhandledPromptBehavior: dismiss and notify, webauthn:extension:credBlob: true, webauthn:extension:largeBlob: true, webauthn:virtualAuthenticators: true}&#10;Element: [[ChromeDriver: chrome on MAC (b08f11683293dee4ffc19e3099bace3a)] -&gt; xpath: //input[@type=&apos;submit&apos;]]&#10;Session ID: b08f11683293dee4ffc19e3099bace3a"/>
  </testcase>
  <testcase name="validateCreateNewContactTest" classname="com.crm.qa.testcases.ContactsPageTest" time="0">
    <skipped message="element click intercepted: Element &lt;input type=&quot;submit&quot; value=&quot;Login&quot; class=&quot;btn btn-small&quot;&gt; is not clickable at point (1149, 117). Other element would receive the click: &lt;div id=&quot;preloader&quot; style=&quot;opacity: 1;&quot;&gt;...&lt;/div&gt;&#10;  (Session info: chrome=109.0.5414.119)&#10;Build info: version: &apos;4.7.2&apos;, revision: &apos;4d4020c3b7&apos;&#10;System info: os.name: &apos;Mac OS X&apos;, os.arch: &apos;aarch64&apos;, os.version: &apos;13.0.1&apos;, java.version: &apos;19.0.1&apos;&#10;Driver info: org.openqa.selenium.chrome.ChromeDriver&#10;Command: [b08f11683293dee4ffc19e3099bace3a, clickElement {id=3d71be1c-665b-4cc6-aa36-c61420849580}]&#10;Capabilities {acceptInsecureCerts: false, browserName: chrome, browserVersion: 109.0.5414.119, chrome: {chromedriverVersion: 109.0.5414.74 (e7c5703604da..., userDataDir: /var/folders/wv/7btdhzfn7yz...}, goog:chromeOptions: {debuggerAddress: localhost:57166}, networkConnectionEnabled: false, pageLoadStrategy: normal, platformName: MAC, proxy: Proxy(), se:cdp: ws://localhost:57166/devtoo..., se:cdpVersion: 109.0.5414.119, setWindowRect: true, strictFileInteractability: false, timeouts: {implicit: 0, pageLoad: 300000, script: 30000}, unhandledPromptBehavior: dismiss and notify, webauthn:extension:credBlob: true, webauthn:extension:largeBlob: true, webauthn:virtualAuthenticators: true}&#10;Element: [[ChromeDriver: chrome on MAC (b08f11683293dee4ffc19e3099bace3a)] -&gt; xpath: //input[@type=&apos;submit&apos;]]&#10;Session ID: b08f11683293dee4ffc19e3099bace3a"/>
  </testcase>
  <testcase name="verifyHomePageTitleTest" classname="com.crm.qa.testcases.HomePageTest" time="0.004"/>
  <testcase name="verifyCorrectUsername" classname="com.crm.qa.testcases.HomePageTest" time="0.037"/>
  <testcase name="verifyContactsLinkTest" classname="com.crm.qa.testcases.HomePageTest" time="2.263"/>
  <testcase name="loginPageTitleTest" classname="com.crm.qa.testcases.LoginPageTest" time="0.006"/>
  <testcase name="validateCRMLogoTest" classname="com.crm.qa.testcases.LoginPageTest" time="0.024"/>
  <testcase name="loginTest" classname="com.crm.qa.testcases.LoginPageTest" time="13.307"/>
</testsuite>