<?xml version="1.0" encoding="UTF-8"?>
<!-- Generated by org.testng.reporters.JUnitReportReporter -->
<testsuite hostname="Chirags-MacBook-Pro.local" failures="0" tests="2" name="FreeCRMMavenProject.FreeCRMMavenProject.AppTest" time="4.957" errors="0" timestamp="2023-01-02T12:31:51 IST" skipped="0">
  <testcase classname="FreeCRMMavenProject.FreeCRMMavenProject.AppTest" name="launchBrowser" time="4.955"/>
  <system-out/>
  <testcase classname="FreeCRMMavenProject.FreeCRMMavenProject.AppTest" name="shouldAnswerWithTrue" time="0.002"/>
  <system-out/>
</testsuite> <!-- FreeCRMMavenProject.FreeCRMMavenProject.AppTest -->
