<?xml version="1.0" encoding="UTF-8"?>
<!-- Generated by org.testng.reporters.JUnitReportReporter -->
<testsuite hostname="Chirags-MacBook-Pro.local" failures="0" tests="3" name="com.crm.qa.testcases.LoginPageTest" time="31.668" errors="0" timestamp="2023-01-10T18:10:53 IST" skipped="0">
  <testcase classname="com.crm.qa.testcases.LoginPageTest" name="loginPageTitleTest" time="6.316"/>
  <system-out/>
  <testcase classname="com.crm.qa.testcases.LoginPageTest" name="validateCRMLogoTest" time="9.904"/>
  <system-out/>
  <testcase classname="com.crm.qa.testcases.LoginPageTest" name="loginTest" time="15.448"/>
  <system-out/>
</testsuite> <!-- com.crm.qa.testcases.LoginPageTest -->
