<?xml version="1.0" encoding="UTF-8"?>
<!-- Generated by org.testng.reporters.JUnitReportReporter -->
<testsuite hostname="Chirags-MacBook-Pro.local" failures="0" tests="2" name="FreeCRMMavenProject.FreeCRMMavenProject.AppTest" time="3.774" errors="0" timestamp="2023-02-01T23:50:52 IST" skipped="0">
  <testcase classname="FreeCRMMavenProject.FreeCRMMavenProject.AppTest" name="shouldAnswerWithTrue" time="0.001"/>
  <system-out/>
  <testcase classname="FreeCRMMavenProject.FreeCRMMavenProject.AppTest" name="launchBrowser" time="3.773"/>
  <system-out/>
</testsuite> <!-- FreeCRMMavenProject.FreeCRMMavenProject.AppTest -->
